                                      1 ;--------------------------------------------------------
                                      2 ; File Created by SDCC : free open source ANSI-C Compiler
                                      3 ; Version 3.8.0 #10562 (Linux)
                                      4 ;--------------------------------------------------------
                                      5 	.module ram
                                      6 	.optsdcc -mstm8
                                      7 	
                                      8 ;--------------------------------------------------------
                                      9 ; Public variables in this module
                                     10 ;--------------------------------------------------------
                                     11 	.globl _ram_flash_write_block
                                     12 ;--------------------------------------------------------
                                     13 ; ram data
                                     14 ;--------------------------------------------------------
                                     15 	.area DATA
                                     16 ;--------------------------------------------------------
                                     17 ; ram data
                                     18 ;--------------------------------------------------------
                                     19 	.area INITIALIZED
                                     20 ;--------------------------------------------------------
                                     21 ; absolute external ram data
                                     22 ;--------------------------------------------------------
                                     23 	.area DABS (ABS)
                                     24 
                                     25 ; default segment ordering for linker
                                     26 	.area HOME
                                     27 	.area GSINIT
                                     28 	.area GSFINAL
                                     29 	.area CONST
                                     30 	.area INITIALIZER
                                     31 	.area CODE
                                     32 
                                     33 ;--------------------------------------------------------
                                     34 ; global & static initialisations
                                     35 ;--------------------------------------------------------
                                     36 	.area HOME
                                     37 	.area GSINIT
                                     38 	.area GSFINAL
                                     39 	.area GSINIT
                                     40 ;--------------------------------------------------------
                                     41 ; Home
                                     42 ;--------------------------------------------------------
                                     43 	.area HOME
                                     44 	.area HOME
                                     45 ;--------------------------------------------------------
                                     46 ; code
                                     47 ;--------------------------------------------------------
                                     48 	.area RAM_SEG
                                     49 ;	ram.c: 6: void ram_flash_write_block(uint16_t addr, const uint8_t *buf) {
                                     50 ;	-----------------------------------------
                                     51 ;	 function ram_flash_write_block
                                     52 ;	-----------------------------------------
      000000                         53 _ram_flash_write_block:
                                     54 ;	ram.c: 8: FLASH_CR2 = 1 << FLASH_CR2_PRG;
      000000 35 01 50 5B      [ 1]   55 	mov	0x505b+0, #0x01
                                     56 ;	ram.c: 10: FLASH_NCR2 = (uint8_t) ~(1 << FLASH_NCR2_NPRG);
      000004 35 FE 50 5C      [ 1]   57 	mov	0x505c+0, #0xfe
                                     58 ;	ram.c: 14: for (uint8_t i = 0; i < BLOCK_SIZE; i++)
      000008 4F               [ 1]   59 	clr	a
      000009                         60 00106$:
      000009 A1 40            [ 1]   61 	cp	a, #0x40
      00000B 24 14            [ 1]   62 	jrnc	00102$
                                     63 ;	ram.c: 15: _MEM_(addr + i) = buf[i];
      00000D 5F               [ 1]   64 	clrw	x
      00000E 97               [ 1]   65 	ld	xl, a
      00000F 72 FB 03         [ 2]   66 	addw	x, (0x03, sp)
      000012 51               [ 1]   67 	exgw	x, y
      000013 5F               [ 1]   68 	clrw	x
      000014 97               [ 1]   69 	ld	xl, a
      000015 72 FB 05         [ 2]   70 	addw	x, (0x05, sp)
      000018 88               [ 1]   71 	push	a
      000019 F6               [ 1]   72 	ld	a, (x)
      00001A 97               [ 1]   73 	ld	xl, a
      00001B 90 F7            [ 1]   74 	ld	(y), a
      00001D 84               [ 1]   75 	pop	a
                                     76 ;	ram.c: 14: for (uint8_t i = 0; i < BLOCK_SIZE; i++)
      00001E 4C               [ 1]   77 	inc	a
      00001F 20 E8            [ 2]   78 	jra	00106$
                                     79 ;	ram.c: 18: while (!(FLASH_IAPSR & (1 << FLASH_IAPSR_EOP)));
      000021                         80 00102$:
      000021 C6 50 5F         [ 1]   81 	ld	a, 0x505f
      000024 A5 04            [ 1]   82 	bcp	a, #0x04
      000026 27 F9            [ 1]   83 	jreq	00102$
                                     84 ;	ram.c: 19: }
      000028 81               [ 4]   85 	ret
                                     86 	.area CODE
                                     87 	.area CONST
                                     88 	.area INITIALIZER
                                     89 	.area CABS (ABS)
